Arguments: 
  C:\Program Files\nodejs\node.exe C:\Users\seba1\AppData\Roaming\npm\node_modules\yarn\bin\yarn.js add pug

PATH: 
  C:\Users\seba1\AppData\Local\oh-my-posh;C:\Program Files\WindowsApps\Microsoft.PowerShell_7.2.2.0_x64__8wekyb3d8bbwe;C:\Program Files\Common Files\Oracle\Java\javapath;C:\Windows\system32;C:\Windows;C:\Windows\System32\Wbem;C:\Windows\System32\WindowsPowerShell\v1.0\;C:\Windows\System32\OpenSSH\;C:\ProgramData\chocolatey\bin;C:\Program Files (x86)\NVIDIA Corporation\PhysX\Common;C:\Program Files\NVIDIA Corporation\NVIDIA NvDLISR;C:\Users\seba1\AppData\Roaming\nvm;C:\Program Files\nodejs;C:\wamp64\bin\php\php7.4.26;C:\ProgramData\ComposerSetup\bin;C:\Program Files\Docker\Docker\resources\bin;C:\ProgramData\DockerDesktop\version-bin;C:\Program Files\MongoDB\Server\5.0\bin;C:\Program Files\Git\cmd;C:\Users\seba1\AppData\Local\Programs\Python\Python310\Scripts\;C:\Users\seba1\AppData\Local\Programs\Python\Python310\;C:\Users\seba1\AppData\Local\Microsoft\WindowsApps;C:\Users\seba1\AppData\Local\Programs\Microsoft VS Code\bin;C:\Users\seba1\AppData\Roaming\npm;C:\Program Files\JetBrains\IntelliJ IDEA Community Edition 2021.3.2\bin;;C:\Users\seba1\AppData\Roaming\nvm;C:\Program Files\nodejs;C:\Users\seba1\AppData\Local\GitHubDesktop\bin;C:\Users\seba1\AppData\Local\Programs\oh-my-posh\bin;C:\Users\seba1\AppData\Roaming\Composer\vendor\bin

Yarn version: 
  1.22.17

Node version: 
  14.19.1

Platform: 
  win32 x64

Trace: 
  Error: EPERM: operation not permitted, rmdir 'C:\Users\seba1\Desktop\Drive\Backend\Desafio-5\pug\node_modules\.bin'

npm manifest: 
  {
    "name": "desafio-3",
    "version": "1.0.0",
    "description": "",
    "main": "index.js",
    "scripts": {
      "test": "echo \"Error: no test specified\" && exit 1",
      "dev": "nodemon app.js"
    },
    "keywords": [],
    "author": "",
    "license": "ISC",
    "dependencies": {
      "body-parser": "^1.20.0",
      "dotenv": "^16.0.0",
      "express": "^4.17.3"
    },
    "devDependencies": {
      "nodemon": "^2.0.15"
    }
  }

yarn manifest: 
  No manifest

Lockfile: 
  No lockfile
